<?xml version="1.0" encoding="UTF-8"?>
<!-- Generated by org.testng.reporters.JUnitXMLReporter -->
<testsuite ignored="0" hostname="LAPTOP-H36A1LHH" failures="0" tests="3" name="Test2" time="81.891" errors="0" timestamp="2019-03-17T23:52:13 AEDT">
  <testcase classname="shopping.Shopping.LoginPageDataProvider" name="login" time="33.146"/>
  <testcase classname="shopping.Shopping.LoginPageDataProvider" name="login" time="22.851"/>
  <testcase classname="shopping.Shopping.LoginPageDataProvider" name="login" time="22.13"/>
</testsuite> <!-- Test2 -->
